<?xml version="1.0" encoding="UTF-8"?>
<!-- Generated by org.testng.reporters.JUnitReportReporter -->
<testsuite skipped="0" hostname="LAPTOP-AUG5HGQL" name="test.VerifyIcelandSignInTest" tests="1" failures="0" timestamp="16 Sep 2020 22:25:16 GMT" time="24.034" errors="0">
  <testcase name="SigInTest" time="24.034" classname="test.VerifyIcelandSignInTest"/>
</testsuite> <!-- test.VerifyIcelandSignInTest -->
